#
# A fatal error has been detected by the Java Runtime Environment:
#
#  Internal Error (t:/workspace/open/src/hotspot/share/oops/generateOopMap.cpp:2162), pid=35564, tid=11472
#  fatal error: Illegal class file encountered. Try running with -Xverify:all in method hamiltonian
#
# JRE version: Java(TM) SE Runtime Environment (10.0.1+10) (build 10.0.1+10)
# Java VM: Java HotSpot(TM) 64-Bit Server VM (10.0.1+10, mixed mode, tiered, compressed oops, g1 gc, windows-amd64)
# No core dump will be written. Minidumps are not enabled by default on client versions of Windows
#
# If you would like to submit a bug report, please visit:
#   http://bugreport.java.com/bugreport/crash.jsp
#

---------------  S U M M A R Y ------------

Command Line: -agentlib:jdwp=transport=dt_socket,suspend=y,address=localhost:61771 -Dfile.encoding=MS949 Hamiltonian

Host: Intel(R) Core(TM) i5-7200U CPU @ 2.50GHz, 4 cores, 7G,  Windows 10 , 64 bit Build 17134 (10.0.17134.1)
Time: Thu Dec 06 20:22:34 2018 eCNI【 C⊥AíA elapsed time: 437 seconds (0d 0h 7m 17s)

---------------  T H R E A D  ---------------

Current thread (0x000001bdff6fb000):  VMThread "VM Thread" [stack: 0x000000298f200000,0x000000298f300000] [id=11472]

Stack: [0x000000298f200000,0x000000298f300000]
[error occurred during error reporting (printing stack bounds), id 0xe0000000]

Native frames: (J=compiled Java code, j=interpreted, Vv=VM code, C=native code)
V  [jvm.dll+0x5a0369]
V  [jvm.dll+0x6bcf81]
V  [jvm.dll+0x6be176]
V  [jvm.dll+0x6be765]
V  [jvm.dll+0x6be71b]
V  [jvm.dll+0x59fb63]
V  [jvm.dll+0x59ff68]
C  [ntdll.dll+0x9ed3d]
C  [ntdll.dll+0x6c86]
C  [ntdll.dll+0x9dc6e]
C  0x000001bdecec0ead

VM_Operation (0x000000298fbff790): GetOrSetLocal, mode: safepoint, requested by thread 0x000001bd841b0000


---------------  P R O C E S S  ---------------

Threads class SMR info:
_java_thread_list=0x000001bd8404dc60, length=14, elements={
0x000001bde3c00000, 0x000001bdff700800, 0x000001bdff70b000, 0x000001bd83ff2800,
0x000001bd83ff3800, 0x000001bdff72b800, 0x000001bdff74e800, 0x000001bd84042000,
0x000001bd84049000, 0x000001bd841b0000, 0x000001bd841b3800, 0x000001bd841b7000,
0x000001bd841d4800, 0x000001bd841d8800
}

Java Threads: ( => current thread )
  0x000001bde3c00000 JavaThread "main" [_thread_blocked, id=23988, stack(0x000000298e600000,0x000000298e700000)]
  0x000001bdff700800 JavaThread "Reference Handler" daemon [_thread_blocked, id=24880, stack(0x000000298f300000,0x000000298f400000)]
  0x000001bdff70b000 JavaThread "Finalizer" daemon [_thread_blocked, id=12924, stack(0x000000298f400000,0x000000298f500000)]
  0x000001bd83ff2800 JavaThread "Signal Dispatcher" daemon [_thread_blocked, id=41816, stack(0x000000298f500000,0x000000298f600000)]
  0x000001bd83ff3800 JavaThread "Attach Listener" daemon [_thread_blocked, id=19996, stack(0x000000298f600000,0x000000298f700000)]
  0x000001bdff72b800 JavaThread "C2 CompilerThread0" daemon [_thread_blocked, id=26412, stack(0x000000298f700000,0x000000298f800000)]
  0x000001bdff74e800 JavaThread "C2 CompilerThread1" daemon [_thread_blocked, id=41336, stack(0x000000298f800000,0x000000298f900000)]
  0x000001bd84042000 JavaThread "C1 CompilerThread2" daemon [_thread_blocked, id=41936, stack(0x000000298f900000,0x000000298fa00000)]
  0x000001bd84049000 JavaThread "Sweeper thread" daemon [_thread_blocked, id=6776, stack(0x000000298fa00000,0x000000298fb00000)]
  0x000001bd841b0000 JavaThread "JDWP Transport Listener: dt_socket" daemon [_thread_blocked, id=28196, stack(0x000000298fb00000,0x000000298fc00000)] _threads_hazard_ptr=0x000001bd8404dc60
  0x000001bd841b3800 JavaThread "JDWP Event Helper Thread" daemon [_thread_blocked, id=40176, stack(0x000000298fc00000,0x000000298fd00000)]
  0x000001bd841b7000 JavaThread "JDWP Command Reader" daemon [_thread_in_native, id=736, stack(0x000000298fd00000,0x000000298fe00000)]
  0x000001bd841d4800 JavaThread "Service Thread" daemon [_thread_blocked, id=33036, stack(0x000000298fe00000,0x000000298ff00000)]
  0x000001bd841d8800 JavaThread "Common-Cleaner" daemon [_thread_blocked, id=15992, stack(0x000000298ff00000,0x0000002990000000)]

Other Threads:
=>0x000001bdff6fb000 VMThread "VM Thread" [stack: 0x000000298f200000,0x000000298f300000] [id=11472]
  0x000001bd841dc000 WatcherThread [stack: 0x0000002990000000,0x0000002990100000] [id=39480]
  0x000001bde3c18000 GCTaskThread "GC Thread#0" [stack: 0x000000298e700000,0x000000298e800000] [id=23852]
  0x000001bde3c1a800 GCTaskThread "GC Thread#1" [stack: 0x000000298e800000,0x000000298e900000] [id=40664]
  0x000001bde3c1c000 GCTaskThread "GC Thread#2" [stack: 0x000000298e900000,0x000000298ea00000] [id=33884]
  0x000001bde3c1e800 GCTaskThread "GC Thread#3" [stack: 0x000000298ea00000,0x000000298eb00000] [id=29504]
  0x000001bde3c89000 ConcurrentGCThread "G1 Main Marker" [stack: 0x000000298eb00000,0x000000298ec00000] [id=14656]
  0x000001bde3c8f000 ConcurrentGCThread "G1 Conc#0" [stack: 0x000000298ec00000,0x000000298ed00000] [id=38472]
  0x000001bdff587800 ConcurrentGCThread "G1 Refine#0" [stack: 0x000000298ed00000,0x000000298ee00000] [id=40160]
  0x000001bdff588800 ConcurrentGCThread "G1 Refine#1" [stack: 0x000000298ee00000,0x000000298ef00000] [id=41464]
  0x000001bdff58a800 ConcurrentGCThread "G1 Refine#2" [stack: 0x000000298ef00000,0x000000298f000000] [id=26164]
  0x000001bdff591000 ConcurrentGCThread "G1 Refine#3" [stack: 0x000000298f000000,0x000000298f100000] [id=27196]
  0x000001bdff594800 ConcurrentGCThread "G1 Young RemSet Sampling" [stack: 0x000000298f100000,0x000000298f200000] [id=40828]

Threads with active compile tasks:

VM state:at safepoint (normal execution)

VM Mutex/Monitor currently owned by a thread:  ([mutex/lock_event])
[0x000001bde3bfe840] Threads_lock - owner thread: 0x000001bdff6fb000

Heap address: 0x0000000081600000, size: 2026 MB, Compressed Oops mode: 32-bit
Narrow klass base: 0x0000000000000000, Narrow klass shift: 3
Compressed class space size: 1073741824 Address: 0x0000000100000000

Heap:
 garbage-first heap   total 131072K, used 1024K [0x0000000081600000, 0x0000000100000000)
  region size 1024K, 2 young (2048K), 0 survivors (0K)
 Metaspace       used 3484K, capacity 4498K, committed 4864K, reserved 1056768K
  class space    used 332K, capacity 386K, committed 512K, reserved 1048576K
Heap Regions: E=young(eden), S=young(survivor), O=old, HS=humongous(starts), HC=humongous(continues), CS=collection set, F=free, A=archive, TS=gc time stamp, AC=allocation context, TAMS=top-at-mark-start (previous, next)
|   0|0x0000000081600000, 0x0000000081600000, 0x0000000081700000|  0%| F|  |TS  0|AC  0|TAMS 0x0000000081600000, 0x0000000081600000|
|   1|0x0000000081700000, 0x0000000081700000, 0x0000000081800000|  0%| F|  |TS  0|AC  0|TAMS 0x0000000081700000, 0x0000000081700000|
|   2|0x0000000081800000, 0x0000000081800000, 0x0000000081900000|  0%| F|  |TS  0|AC  0|TAMS 0x0000000081800000, 0x0000000081800000|
|   3|0x0000000081900000, 0x0000000081900000, 0x0000000081a00000|  0%| F|  |TS  0|AC  0|TAMS 0x0000000081900000, 0x0000000081900000|
|   4|0x0000000081a00000, 0x0000000081a00000, 0x0000000081b00000|  0%| F|  |TS  0|AC  0|TAMS 0x0000000081a00000, 0x0000000081a00000|
|   5|0x0000000081b00000, 0x0000000081b00000, 0x0000000081c00000|  0%| F|  |TS  0|AC  0|TAMS 0x0000000081b00000, 0x0000000081b00000|
|   6|0x0000000081c00000, 0x0000000081c00000, 0x0000000081d00000|  0%| F|  |TS  0|AC  0|TAMS 0x0000000081c00000, 0x0000000081c00000|
|   7|0x0000000081d00000, 0x0000000081d00000, 0x0000000081e00000|  0%| F|  |TS  0|AC  0|TAMS 0x0000000081d00000, 0x0000000081d00000|
|   8|0x0000000081e00000, 0x0000000081e00000, 0x0000000081f00000|  0%| F|  |TS  0|AC  0|TAMS 0x0000000081e00000, 0x0000000081e00000|
|   9|0x0000000081f00000, 0x0000000081f00000, 0x0000000082000000|  0%| F|  |TS  0|AC  0|TAMS 0x0000000081f00000, 0x0000000081f00000|
|  10|0x0000000082000000, 0x0000000082000000, 0x0000000082100000|  0%| F|  |TS  0|AC  0|TAMS 0x0000000082000000, 0x0000000082000000|
|  11|0x0000000082100000, 0x0000000082100000, 0x0000000082200000|  0%| F|  |TS  0|AC  0|TAMS 0x0000000082100000, 0x0000000082100000|
|  12|0x0000000082200000, 0x0000000082200000, 0x0000000082300000|  0%| F|  |TS  0|AC  0|TAMS 0x0000000082200000, 0x0000000082200000|
|  13|0x0000000082300000, 0x0000000082300000, 0x0000000082400000|  0%| F|  |TS  0|AC  0|TAMS 0x0000000082300000, 0x0000000082300000|
|  14|0x0000000082400000, 0x0000000082400000, 0x0000000082500000|  0%| F|  |TS  0|AC  0|TAMS 0x0000000082400000, 0x0000000082400000|
|  15|0x0000000082500000, 0x0000000082500000, 0x0000000082600000|  0%| F|  |TS  0|AC  0|TAMS 0x0000000082500000, 0x0000000082500000|
|  16|0x0000000082600000, 0x0000000082600000, 0x0000000082700000|  0%| F|  |TS  0|AC  0|TAMS 0x0000000082600000, 0x0000000082600000|
|  17|0x0000000082700000, 0x0000000082700000, 0x0000000082800000|  0%| F|  |TS  0|AC  0|TAMS 0x0000000082700000, 0x0000000082700000|
|  18|0x0000000082800000, 0x0000000082800000, 0x0000000082900000|  0%| F|  |TS  0|AC  0|TAMS 0x0000000082800000, 0x0000000082800000|
|  19|0x0000000082900000, 0x0000000082900000, 0x0000000082a00000|  0%| F|  |TS  0|AC  0|TAMS 0x0000000082900000, 0x0000000082900000|
|  20|0x0000000082a00000, 0x0000000082a00000, 0x0000000082b00000|  0%| F|  |TS  0|AC  0|TAMS 0x0000000082a00000, 0x0000000082a00000|
|  21|0x0000000082b00000, 0x0000000082b00000, 0x0000000082c00000|  0%| F|  |TS  0|AC  0|TAMS 0x0000000082b00000, 0x0000000082b00000|
|  22|0x0000000082c00000, 0x0000000082c00000, 0x0000000082d00000|  0%| F|  |TS  0|AC  0|TAMS 0x0000000082c00000, 0x0000000082c00000|
|  23|0x0000000082d00000, 0x0000000082d00000, 0x0000000082e00000|  0%| F|  |TS  0|AC  0|TAMS 0x0000000082d00000, 0x0000000082d00000|
|  24|0x0000000082e00000, 0x0000000082e00000, 0x0000000082f00000|  0%| F|  |TS  0|AC  0|TAMS 0x0000000082e00000, 0x0000000082e00000|
|  25|0x0000000082f00000, 0x0000000082f00000, 0x0000000083000000|  0%| F|  |TS  0|AC  0|TAMS 0x0000000082f00000, 0x0000000082f00000|
|  26|0x0000000083000000, 0x0000000083000000, 0x0000000083100000|  0%| F|  |TS  0|AC  0|TAMS 0x0000000083000000, 0x0000000083000000|
|  27|0x0000000083100000, 0x0000000083100000, 0x0000000083200000|  0%| F|  |TS  0|AC  0|TAMS 0x0000000083100000, 0x0000000083100000|
|  28|0x0000000083200000, 0x0000000083200000, 0x0000000083300000|  0%| F|  |TS  0|AC  0|TAMS 0x0000000083200000, 0x0000000083200000|
|  29|0x0000000083300000, 0x0000000083300000, 0x0000000083400000|  0%| F|  |TS  0|AC  0|TAMS 0x0000000083300000, 0x0000000083300000|
|  30|0x0000000083400000, 0x0000000083400000, 0x0000000083500000|  0%| F|  |TS  0|AC  0|TAMS 0x0000000083400000, 0x0000000083400000|
|  31|0x0000000083500000, 0x0000000083500000, 0x0000000083600000|  0%| F|  |TS  0|AC  0|TAMS 0x0000000083500000, 0x0000000083500000|
|  32|0x0000000083600000, 0x0000000083600000, 0x0000000083700000|  0%| F|  |TS  0|AC  0|TAMS 0x0000000083600000, 0x0000000083600000|
|  33|0x0000000083700000, 0x0000000083700000, 0x0000000083800000|  0%| F|  |TS  0|AC  0|TAMS 0x0000000083700000, 0x0000000083700000|
|  34|0x0000000083800000, 0x0000000083800000, 0x0000000083900000|  0%| F|  |TS  0|AC  0|TAMS 0x0000000083800000, 0x0000000083800000|
|  35|0x0000000083900000, 0x0000000083900000, 0x0000000083a00000|  0%| F|  |TS  0|AC  0|TAMS 0x0000000083900000, 0x0000000083900000|
|  36|0x0000000083a00000, 0x0000000083a00000, 0x0000000083b00000|  0%| F|  |TS  0|AC  0|TAMS 0x0000000083a00000, 0x0000000083a00000|
|  37|0x0000000083b00000, 0x0000000083b00000, 0x0000000083c00000|  0%| F|  |TS  0|AC  0|TAMS 0x0000000083b00000, 0x0000000083b00000|
|  38|0x0000000083c00000, 0x0000000083c00000, 0x0000000083d00000|  0%| F|  |TS  0|AC  0|TAMS 0x0000000083c00000, 0x0000000083c00000|
|  39|0x0000000083d00000, 0x0000000083d00000, 0x0000000083e00000|  0%| F|  |TS  0|AC  0|TAMS 0x0000000083d00000, 0x0000000083d00000|
|  40|0x0000000083e00000, 0x0000000083e00000, 0x0000000083f00000|  0%| F|  |TS  0|AC  0|TAMS 0x0000000083e00000, 0x0000000083e00000|
|  41|0x0000000083f00000, 0x0000000083f00000, 0x0000000084000000|  0%| F|  |TS  0|AC  0|TAMS 0x0000000083f00000, 0x0000000083f00000|
|  42|0x0000000084000000, 0x0000000084000000, 0x0000000084100000|  0%| F|  |TS  0|AC  0|TAMS 0x0000000084000000, 0x0000000084000000|
|  43|0x0000000084100000, 0x0000000084100000, 0x0000000084200000|  0%| F|  |TS  0|AC  0|TAMS 0x0000000084100000, 0x0000000084100000|
|  44|0x0000000084200000, 0x0000000084200000, 0x0000000084300000|  0%| F|  |TS  0|AC  0|TAMS 0x0000000084200000, 0x0000000084200000|
|  45|0x0000000084300000, 0x0000000084300000, 0x0000000084400000|  0%| F|  |TS  0|AC  0|TAMS 0x0000000084300000, 0x0000000084300000|
|  46|0x0000000084400000, 0x0000000084400000, 0x0000000084500000|  0%| F|  |TS  0|AC  0|TAMS 0x0000000084400000, 0x0000000084400000|
|  47|0x0000000084500000, 0x0000000084500000, 0x0000000084600000|  0%| F|  |TS  0|AC  0|TAMS 0x0000000084500000, 0x0000000084500000|
|  48|0x0000000084600000, 0x0000000084600000, 0x0000000084700000|  0%| F|  |TS  0|AC  0|TAMS 0x0000000084600000, 0x0000000084600000|
|  49|0x0000000084700000, 0x0000000084700000, 0x0000000084800000|  0%| F|  |TS  0|AC  0|TAMS 0x0000000084700000, 0x0000000084700000|
|  50|0x0000000084800000, 0x0000000084800000, 0x0000000084900000|  0%| F|  |TS  0|AC  0|TAMS 0x0000000084800000, 0x0000000084800000|
|  51|0x0000000084900000, 0x0000000084900000, 0x0000000084a00000|  0%| F|  |TS  0|AC  0|TAMS 0x0000000084900000, 0x0000000084900000|
|  52|0x0000000084a00000, 0x0000000084a00000, 0x0000000084b00000|  0%| F|  |TS  0|AC  0|TAMS 0x0000000084a00000, 0x0000000084a00000|
|  53|0x0000000084b00000, 0x0000000084b00000, 0x0000000084c00000|  0%| F|  |TS  0|AC  0|TAMS 0x0000000084b00000, 0x0000000084b00000|
|  54|0x0000000084c00000, 0x0000000084c00000, 0x0000000084d00000|  0%| F|  |TS  0|AC  0|TAMS 0x0000000084c00000, 0x0000000084c00000|
|  55|0x0000000084d00000, 0x0000000084d00000, 0x0000000084e00000|  0%| F|  |TS  0|AC  0|TAMS 0x0000000084d00000, 0x0000000084d00000|
|  56|0x0000000084e00000, 0x0000000084e00000, 0x0000000084f00000|  0%| F|  |TS  0|AC  0|TAMS 0x0000000084e00000, 0x0000000084e00000|
|  57|0x0000000084f00000, 0x0000000084f00000, 0x0000000085000000|  0%| F|  |TS  0|AC  0|TAMS 0x0000000084f00000, 0x0000000084f00000|
|  58|0x0000000085000000, 0x0000000085000000, 0x0000000085100000|  0%| F|  |TS  0|AC  0|TAMS 0x0000000085000000, 0x0000000085000000|
|  59|0x0000000085100000, 0x0000000085100000, 0x0000000085200000|  0%| F|  |TS  0|AC  0|TAMS 0x0000000085100000, 0x0000000085100000|
|  60|0x0000000085200000, 0x0000000085200000, 0x0000000085300000|  0%| F|  |TS  0|AC  0|TAMS 0x0000000085200000, 0x0000000085200000|
|  61|0x0000000085300000, 0x0000000085300000, 0x0000000085400000|  0%| F|  |TS  0|AC  0|TAMS 0x0000000085300000, 0x0000000085300000|
|  62|0x0000000085400000, 0x0000000085400000, 0x0000000085500000|  0%| F|  |TS  0|AC  0|TAMS 0x0000000085400000, 0x0000000085400000|
|  63|0x0000000085500000, 0x0000000085500000, 0x0000000085600000|  0%| F|  |TS  0|AC  0|TAMS 0x0000000085500000, 0x0000000085500000|
|  64|0x0000000085600000, 0x0000000085600000, 0x0000000085700000|  0%| F|  |TS  0|AC  0|TAMS 0x0000000085600000, 0x0000000085600000|
|  65|0x0000000085700000, 0x0000000085700000, 0x0000000085800000|  0%| F|  |TS  0|AC  0|TAMS 0x0000000085700000, 0x0000000085700000|
|  66|0x0000000085800000, 0x0000000085800000, 0x0000000085900000|  0%| F|  |TS  0|AC  0|TAMS 0x0000000085800000, 0x0000000085800000|
|  67|0x0000000085900000, 0x0000000085900000, 0x0000000085a00000|  0%| F|  |TS  0|AC  0|TAMS 0x0000000085900000, 0x0000000085900000|
|  68|0x0000000085a00000, 0x0000000085a00000, 0x0000000085b00000|  0%| F|  |TS  0|AC  0|TAMS 0x0000000085a00000, 0x0000000085a00000|
|  69|0x0000000085b00000, 0x0000000085b00000, 0x0000000085c00000|  0%| F|  |TS  0|AC  0|TAMS 0x0000000085b00000, 0x0000000085b00000|
|  70|0x0000000085c00000, 0x0000000085c00000, 0x0000000085d00000|  0%| F|  |TS  0|AC  0|TAMS 0x0000000085c00000, 0x0000000085c00000|
|  71|0x0000000085d00000, 0x0000000085d00000, 0x0000000085e00000|  0%| F|  |TS  0|AC  0|TAMS 0x0000000085d00000, 0x0000000085d00000|
|  72|0x0000000085e00000, 0x0000000085e00000, 0x0000000085f00000|  0%| F|  |TS  0|AC  0|TAMS 0x0000000085e00000, 0x0000000085e00000|
|  73|0x0000000085f00000, 0x0000000085f00000, 0x0000000086000000|  0%| F|  |TS  0|AC  0|TAMS 0x0000000085f00000, 0x0000000085f00000|
|  74|0x0000000086000000, 0x0000000086000000, 0x0000000086100000|  0%| F|  |TS  0|AC  0|TAMS 0x0000000086000000, 0x0000000086000000|
|  75|0x0000000086100000, 0x0000000086100000, 0x0000000086200000|  0%| F|  |TS  0|AC  0|TAMS 0x0000000086100000, 0x0000000086100000|
|  76|0x0000000086200000, 0x0000000086200000, 0x0000000086300000|  0%| F|  |TS  0|AC  0|TAMS 0x0000000086200000, 0x0000000086200000|
|  77|0x0000000086300000, 0x0000000086300000, 0x0000000086400000|  0%| F|  |TS  0|AC  0|TAMS 0x0000000086300000, 0x0000000086300000|
|  78|0x0000000086400000, 0x0000000086400000, 0x0000000086500000|  0%| F|  |TS  0|AC  0|TAMS 0x0000000086400000, 0x0000000086400000|
|  79|0x0000000086500000, 0x0000000086500000, 0x0000000086600000|  0%| F|  |TS  0|AC  0|TAMS 0x0000000086500000, 0x0000000086500000|
|  80|0x0000000086600000, 0x0000000086600000, 0x0000000086700000|  0%| F|  |TS  0|AC  0|TAMS 0x0000000086600000, 0x0000000086600000|
|  81|0x0000000086700000, 0x0000000086700000, 0x0000000086800000|  0%| F|  |TS  0|AC  0|TAMS 0x0000000086700000, 0x0000000086700000|
|  82|0x0000000086800000, 0x0000000086800000, 0x0000000086900000|  0%| F|  |TS  0|AC  0|TAMS 0x0000000086800000, 0x0000000086800000|
|  83|0x0000000086900000, 0x0000000086900000, 0x0000000086a00000|  0%| F|  |TS  0|AC  0|TAMS 0x0000000086900000, 0x0000000086900000|
|  84|0x0000000086a00000, 0x0000000086a00000, 0x0000000086b00000|  0%| F|  |TS  0|AC  0|TAMS 0x0000000086a00000, 0x0000000086a00000|
|  85|0x0000000086b00000, 0x0000000086b00000, 0x0000000086c00000|  0%| F|  |TS  0|AC  0|TAMS 0x0000000086b00000, 0x0000000086b00000|
|  86|0x0000000086c00000, 0x0000000086c00000, 0x0000000086d00000|  0%| F|  |TS  0|AC  0|TAMS 0x0000000086c00000, 0x0000000086c00000|
|  87|0x0000000086d00000, 0x0000000086d00000, 0x0000000086e00000|  0%| F|  |TS  0|AC  0|TAMS 0x0000000086d00000, 0x0000000086d00000|
|  88|0x0000000086e00000, 0x0000000086e00000, 0x0000000086f00000|  0%| F|  |TS  0|AC  0|TAMS 0x0000000086e00000, 0x0000000086e00000|
|  89|0x0000000086f00000, 0x0000000086f00000, 0x0000000087000000|  0%| F|  |TS  0|AC  0|TAMS 0x0000000086f00000, 0x0000000086f00000|
|  90|0x0000000087000000, 0x0000000087000000, 0x0000000087100000|  0%| F|  |TS  0|AC  0|TAMS 0x0000000087000000, 0x0000000087000000|
|  91|0x0000000087100000, 0x0000000087100000, 0x0000000087200000|  0%| F|  |TS  0|AC  0|TAMS 0x0000000087100000, 0x0000000087100000|
|  92|0x0000000087200000, 0x0000000087200000, 0x0000000087300000|  0%| F|  |TS  0|AC  0|TAMS 0x0000000087200000, 0x0000000087200000|
|  93|0x0000000087300000, 0x0000000087300000, 0x0000000087400000|  0%| F|  |TS  0|AC  0|TAMS 0x0000000087300000, 0x0000000087300000|
|  94|0x0000000087400000, 0x0000000087400000, 0x0000000087500000|  0%| F|  |TS  0|AC  0|TAMS 0x0000000087400000, 0x0000000087400000|
|  95|0x0000000087500000, 0x0000000087500000, 0x0000000087600000|  0%| F|  |TS  0|AC  0|TAMS 0x0000000087500000, 0x0000000087500000|
|  96|0x0000000087600000, 0x0000000087600000, 0x0000000087700000|  0%| F|  |TS  0|AC  0|TAMS 0x0000000087600000, 0x0000000087600000|
|  97|0x0000000087700000, 0x0000000087700000, 0x0000000087800000|  0%| F|  |TS  0|AC  0|TAMS 0x0000000087700000, 0x0000000087700000|
|  98|0x0000000087800000, 0x0000000087800000, 0x0000000087900000|  0%| F|  |TS  0|AC  0|TAMS 0x0000000087800000, 0x0000000087800000|
|  99|0x0000000087900000, 0x0000000087900000, 0x0000000087a00000|  0%| F|  |TS  0|AC  0|TAMS 0x0000000087900000, 0x0000000087900000|
| 100|0x0000000087a00000, 0x0000000087a00000, 0x0000000087b00000|  0%| F|  |TS  0|AC  0|TAMS 0x0000000087a00000, 0x0000000087a00000|
| 101|0x0000000087b00000, 0x0000000087b00000, 0x0000000087c00000|  0%| F|  |TS  0|AC  0|TAMS 0x0000000087b00000, 0x0000000087b00000|
| 102|0x0000000087c00000, 0x0000000087c00000, 0x0000000087d00000|  0%| F|  |TS  0|AC  0|TAMS 0x0000000087c00000, 0x0000000087c00000|
| 103|0x0000000087d00000, 0x0000000087d00000, 0x0000000087e00000|  0%| F|  |TS  0|AC  0|TAMS 0x0000000087d00000, 0x0000000087d00000|
| 104|0x0000000087e00000, 0x0000000087e00000, 0x0000000087f00000|  0%| F|  |TS  0|AC  0|TAMS 0x0000000087e00000, 0x0000000087e00000|
| 105|0x0000000087f00000, 0x0000000087f00000, 0x0000000088000000|  0%| F|  |TS  0|AC  0|TAMS 0x0000000087f00000, 0x0000000087f00000|
| 106|0x0000000088000000, 0x0000000088000000, 0x0000000088100000|  0%| F|  |TS  0|AC  0|TAMS 0x0000000088000000, 0x0000000088000000|
| 107|0x0000000088100000, 0x0000000088100000, 0x0000000088200000|  0%| F|  |TS  0|AC  0|TAMS 0x0000000088100000, 0x0000000088100000|
| 108|0x0000000088200000, 0x0000000088200000, 0x0000000088300000|  0%| F|  |TS  0|AC  0|TAMS 0x0000000088200000, 0x0000000088200000|
| 109|0x0000000088300000, 0x0000000088300000, 0x0000000088400000|  0%| F|  |TS  0|AC  0|TAMS 0x0000000088300000, 0x0000000088300000|
| 110|0x0000000088400000, 0x0000000088400000, 0x0000000088500000|  0%| F|  |TS  0|AC  0|TAMS 0x0000000088400000, 0x0000000088400000|
| 111|0x0000000088500000, 0x0000000088500000, 0x0000000088600000|  0%| F|  |TS  0|AC  0|TAMS 0x0000000088500000, 0x0000000088500000|
| 112|0x0000000088600000, 0x0000000088600000, 0x0000000088700000|  0%| F|  |TS  0|AC  0|TAMS 0x0000000088600000, 0x0000000088600000|
| 113|0x0000000088700000, 0x0000000088700000, 0x0000000088800000|  0%| F|  |TS  0|AC  0|TAMS 0x0000000088700000, 0x0000000088700000|
| 114|0x0000000088800000, 0x0000000088800000, 0x0000000088900000|  0%| F|  |TS  0|AC  0|TAMS 0x0000000088800000, 0x0000000088800000|
| 115|0x0000000088900000, 0x0000000088900000, 0x0000000088a00000|  0%| F|  |TS  0|AC  0|TAMS 0x0000000088900000, 0x0000000088900000|
| 116|0x0000000088a00000, 0x0000000088a00000, 0x0000000088b00000|  0%| F|  |TS  0|AC  0|TAMS 0x0000000088a00000, 0x0000000088a00000|
| 117|0x0000000088b00000, 0x0000000088b00000, 0x0000000088c00000|  0%| F|  |TS  0|AC  0|TAMS 0x0000000088b00000, 0x0000000088b00000|
| 118|0x0000000088c00000, 0x0000000088c00000, 0x0000000088d00000|  0%| F|  |TS  0|AC  0|TAMS 0x0000000088c00000, 0x0000000088c00000|
| 119|0x0000000088d00000, 0x0000000088d00000, 0x0000000088e00000|  0%| F|  |TS  0|AC  0|TAMS 0x0000000088d00000, 0x0000000088d00000|
| 120|0x0000000088e00000, 0x0000000088e00000, 0x0000000088f00000|  0%| F|  |TS  0|AC  0|TAMS 0x0000000088e00000, 0x0000000088e00000|
| 121|0x0000000088f00000, 0x0000000088f00000, 0x0000000089000000|  0%| F|  |TS  0|AC  0|TAMS 0x0000000088f00000, 0x0000000088f00000|
| 122|0x0000000089000000, 0x0000000089000000, 0x0000000089100000|  0%| F|  |TS  0|AC  0|TAMS 0x0000000089000000, 0x0000000089000000|
| 123|0x0000000089100000, 0x0000000089100000, 0x0000000089200000|  0%| F|  |TS  0|AC  0|TAMS 0x0000000089100000, 0x0000000089100000|
| 124|0x0000000089200000, 0x0000000089200000, 0x0000000089300000|  0%| F|  |TS  0|AC  0|TAMS 0x0000000089200000, 0x0000000089200000|
| 125|0x0000000089300000, 0x0000000089300000, 0x0000000089400000|  0%| F|  |TS  0|AC  0|TAMS 0x0000000089300000, 0x0000000089300000|
| 126|0x0000000089400000, 0x000000008948fdf8, 0x0000000089500000| 56%| E|  |TS  0|AC  0|TAMS 0x0000000089400000, 0x0000000089400000|
| 127|0x0000000089500000, 0x0000000089600000, 0x0000000089600000|100%| E|CS|TS  0|AC  0|TAMS 0x0000000089500000, 0x0000000089500000|

Card table byte_map: [0x000001bdfc8e0000,0x000001bdfcce0000] byte_map_base: 0x000001bdfc4d5000

Marking Bits (Prev, Next): (CMBitMap*) 0x000001bde3c88360, (CMBitMap*) 0x000001bde3c88398
 Prev Bits: [0x000001bdfd0e0000, 0x000001bdff088000)
 Next Bits: [0x000001bd80000000, 0x000001bd81fa8000)

Polling page: 0x000001bde3a30000

CodeHeap 'non-profiled nmethods': size=120064Kb used=30Kb max_used=30Kb free=120034Kb
 bounds [0x000001bdf4980000, 0x000001bdf4bf0000, 0x000001bdfbec0000]
CodeHeap 'profiled nmethods': size=120000Kb used=136Kb max_used=136Kb free=119863Kb
 bounds [0x000001bded450000, 0x000001bded6c0000, 0x000001bdf4980000]
CodeHeap 'non-nmethods': size=5696Kb used=1070Kb max_used=1081Kb free=4625Kb
 bounds [0x000001bdecec0000, 0x000001bded130000, 0x000001bded450000]
 total_blobs=401 nmethods=102 adapters=158
 compilation: enabled

Compilation events (10 events):
Event: 0.331 Thread 0x000001bd84042000  101       3       java.lang.StringLatin1::indexOf (61 bytes)
Event: 0.331 Thread 0x000001bd84042000 nmethod 101 0x000001bded470710 code [0x000001bded4708e0, 0x000001bded470cd8]
Event: 0.331 Thread 0x000001bd84042000   99       3       java.lang.String::indexOf (29 bytes)
Event: 0.331 Thread 0x000001bd84042000 nmethod 99 0x000001bded470e10 code [0x000001bded470fe0, 0x000001bded4712e0]
Event: 0.331 Thread 0x000001bd84042000  100       3       java.lang.String::indexOf (7 bytes)
Event: 0.332 Thread 0x000001bdff74e800  102       4       java.lang.String::isLatin1 (19 bytes)
Event: 0.332 Thread 0x000001bd84042000 nmethod 100 0x000001bded471410 code [0x000001bded471600, 0x000001bded471980]
Event: 0.332 Thread 0x000001bdff74e800 nmethod 102 0x000001bdf4987590 code [0x000001bdf4987720, 0x000001bdf4987798]
Event: 0.333 Thread 0x000001bd84042000  103       3       java.lang.String::toCharArray (25 bytes)
Event: 0.333 Thread 0x000001bd84042000 nmethod 103 0x000001bded471a90 code [0x000001bded471c80, 0x000001bded4721a0]

GC Heap History (0 events):
No events

Deoptimization events (1 events):
Event: 0.307 Thread 0x000001bde3c00000 Uncommon trap: reason=unstable_if action=reinterpret pc=0x000001bdf4985ebc method=java.lang.String.hashCode()I @ 14 c2

Classes redefined (2 events):
Event: 148.596 Thread 0x000001bdff6fb000 redefined class name=Hamiltonian, count=1
Event: 437.099 Thread 0x000001bdff6fb000 redefined class name=Hamiltonian, count=2

Internal exceptions (0 events):
No events

Events (10 events):
Event: 437.135 Executing VM operation: GetFrameLocation done
Event: 437.135 Executing VM operation: EnterInterpOnlyMode
Event: 437.135 Executing VM operation: EnterInterpOnlyMode done
Event: 437.135 Executing VM operation: GetCurrentLocation
Event: 437.135 Executing VM operation: GetCurrentLocation done
Event: 437.135 Executing VM operation: ChangeSingleStep
Event: 437.135 Executing VM operation: ChangeSingleStep done
Event: 437.135 Executing VM operation: GetFrameLocation
Event: 437.135 Executing VM operation: GetFrameLocation done
Event: 437.135 Executing VM operation: GetOrSetLocal


Dynamic libraries:
0x00007ff70fc70000 - 0x00007ff70fcae000 	C:\Program Files\Java\jre-10.0.1\bin\javaw.exe
0x00007ffd0a7e0000 - 0x00007ffd0a9c1000 	C:\WINDOWS\SYSTEM32\ntdll.dll
0x00007ffd07f70000 - 0x00007ffd08022000 	C:\WINDOWS\System32\KERNEL32.DLL
0x00007ffd06cf0000 - 0x00007ffd06f63000 	C:\WINDOWS\System32\KERNELBASE.dll
0x00007ffd07ec0000 - 0x00007ffd07f61000 	C:\WINDOWS\System32\ADVAPI32.dll
0x00007ffd07c70000 - 0x00007ffd07d0e000 	C:\WINDOWS\System32\msvcrt.dll
0x00007ffd08120000 - 0x00007ffd0817b000 	C:\WINDOWS\System32\sechost.dll
0x00007ffd0a030000 - 0x00007ffd0a154000 	C:\WINDOWS\System32\RPCRT4.dll
0x00007ffd07d30000 - 0x00007ffd07ec0000 	C:\WINDOWS\System32\USER32.dll
0x00007ffd06cd0000 - 0x00007ffd06cf0000 	C:\WINDOWS\System32\win32u.dll
0x00007ffd080c0000 - 0x00007ffd080e8000 	C:\WINDOWS\System32\GDI32.dll
0x00007ffd070d0000 - 0x00007ffd07262000 	C:\WINDOWS\System32\gdi32full.dll
0x00007ffd06bb0000 - 0x00007ffd06c4f000 	C:\WINDOWS\System32\msvcp_win.dll
0x00007ffd06fd0000 - 0x00007ffd070ca000 	C:\WINDOWS\System32\ucrtbase.dll
0x00007ffceff00000 - 0x00007ffcf0169000 	C:\WINDOWS\WinSxS\amd64_microsoft.windows.common-controls_6595b64144ccf1df_6.0.17134.407_none_fb449d63306391e9\COMCTL32.dll
0x00007ffd09840000 - 0x00007ffd09b62000 	C:\WINDOWS\System32\combase.dll
0x00007ffd06c50000 - 0x00007ffd06cca000 	C:\WINDOWS\System32\bcryptPrimitives.dll
0x00007ffd006d0000 - 0x00007ffd006da000 	C:\WINDOWS\SYSTEM32\VERSION.dll
0x00007ffd080f0000 - 0x00007ffd0811d000 	C:\WINDOWS\System32\IMM32.DLL
0x00007ffcd75a0000 - 0x00007ffcd768f000 	C:\Program Files\Java\jre-10.0.1\bin\msvcr120.dll
0x00007ffcd74f0000 - 0x00007ffcd7596000 	C:\Program Files\Java\jre-10.0.1\bin\msvcp120.dll
0x000000006f4d0000 - 0x000000006ff40000 	C:\Program Files\Java\jre-10.0.1\bin\server\jvm.dll
0x00007ffd08030000 - 0x00007ffd08038000 	C:\WINDOWS\System32\PSAPI.DLL
0x00007ffceb050000 - 0x00007ffceb059000 	C:\WINDOWS\SYSTEM32\WSOCK32.dll
0x00007ffd09e20000 - 0x00007ffd09e8c000 	C:\WINDOWS\System32\WS2_32.dll
0x00007ffd012d0000 - 0x00007ffd012f3000 	C:\WINDOWS\SYSTEM32\WINMM.dll
0x00007ffd012a0000 - 0x00007ffd012ca000 	C:\WINDOWS\SYSTEM32\WINMMBASE.dll
0x00007ffd07980000 - 0x00007ffd079c9000 	C:\WINDOWS\System32\cfgmgr32.dll
0x00007ffd003b0000 - 0x00007ffd003bf000 	C:\Program Files\Java\jre-10.0.1\bin\verify.dll
0x00007ffd05530000 - 0x00007ffd056f9000 	C:\WINDOWS\SYSTEM32\DBGHELP.DLL
0x00007ffce8ba0000 - 0x00007ffce8bc9000 	C:\WINDOWS\SYSTEM32\dbgcore.DLL
0x00007ffcf21a0000 - 0x00007ffcf21c7000 	C:\Program Files\Java\jre-10.0.1\bin\java.dll
0x00007ffcf3180000 - 0x00007ffcf31b6000 	C:\Program Files\Java\jre-10.0.1\bin\jdwp.dll
0x00007ffcf27a0000 - 0x00007ffcf27b6000 	C:\Program Files\Java\jre-10.0.1\bin\zip.dll
0x00007ffcf8b30000 - 0x00007ffcf8b3a000 	C:\Program Files\Java\jre-10.0.1\bin\jimage.dll
0x00007ffd08300000 - 0x00007ffd0973f000 	C:\WINDOWS\System32\SHELL32.dll
0x00007ffd09c10000 - 0x00007ffd09cb9000 	C:\WINDOWS\System32\shcore.dll
0x00007ffd07270000 - 0x00007ffd0797d000 	C:\WINDOWS\System32\windows.storage.dll
0x00007ffd0a750000 - 0x00007ffd0a7a1000 	C:\WINDOWS\System32\shlwapi.dll
0x00007ffd06b50000 - 0x00007ffd06b61000 	C:\WINDOWS\System32\kernel.appcore.dll
0x00007ffd06b70000 - 0x00007ffd06b8f000 	C:\WINDOWS\System32\profapi.dll
0x00007ffd06af0000 - 0x00007ffd06b3c000 	C:\WINDOWS\System32\powrprof.dll
0x00007ffd06b40000 - 0x00007ffd06b4a000 	C:\WINDOWS\System32\FLTLIB.DLL
0x00007ffd02fa0000 - 0x00007ffd02faa000 	C:\Program Files\Java\jre-10.0.1\bin\dt_socket.dll
0x00007ffd06370000 - 0x00007ffd063d6000 	C:\WINDOWS\System32\mswsock.dll
0x00007ffd06130000 - 0x00007ffd061ee000 	C:\WINDOWS\SYSTEM32\DNSAPI.dll
0x00007ffd0a740000 - 0x00007ffd0a748000 	C:\WINDOWS\System32\NSI.dll
0x00007ffd060f0000 - 0x00007ffd06128000 	C:\WINDOWS\SYSTEM32\IPHLPAPI.DLL
0x0000000070f00000 - 0x0000000070f26000 	C:\Program Files\Bonjour\mdnsNSP.dll
0x00007ffcfa720000 - 0x00007ffcfa792000 	C:\WINDOWS\System32\fwpuclnt.dll
0x00007ffd06650000 - 0x00007ffd06675000 	C:\WINDOWS\SYSTEM32\bcrypt.dll
0x00007ffcfa390000 - 0x00007ffcfa39a000 	C:\Windows\System32\rasadhlp.dll

dbghelp: loaded successfully - version: 4.0.5 - missing functions: none
symbol engine: initialized successfully - sym options: 0x614 - pdb path: .;C:\Program Files\Java\jre-10.0.1\bin;C:\WINDOWS\SYSTEM32;C:\WINDOWS\WinSxS\amd64_microsoft.windows.common-controls_6595b64144ccf1df_6.0.17134.407_none_fb449d63306391e9;C:\Program Files\Java\jre-10.0.1\bin\server;C:\Program Files\Bonjour

VM Arguments:
jvm_args: -agentlib:jdwp=transport=dt_socket,suspend=y,address=localhost:61771 -Dfile.encoding=MS949 
java_command: Hamiltonian
java_class_path (initial): C:\Users\辫己林\eclipse-workspace\Hamilton\bin
Launcher Type: SUN_STANDARD

Logging:
Log output configuration:
#0: stdout all=warning uptime,level,tags
#1: stderr all=off uptime,level,tags

Environment Variables:
JAVA_HOME=C:\Program Files\Java\jdk-10.0.2
CLASSPATH=C:\Program Files\Java\jre-10.0.1\lib
PATH=C:/Program Files/Java/jdk-10.0.2/bin/server;C:/Program Files/Java/jdk-10.0.2/bin;C:\Program Files\Java\jre-10.0.2\bin\bin;C:\WINDOWS\system32\config\systemprofile\.dnx\bin;C:\Program Files\Microsoft DNX\Dnvm\;C:\Program Files\Microsoft SQL Server\130\Tools\Binn\;C:\Users\辫己林\AppData\Local\Programs\Python\Python37\Scripts\;C:\Users\辫己林\AppData\Local\Programs\Python\Python37\;C:\Users\辫己林\AppData\Local\Microsoft\WindowsApps;C:\Program Files\Java\jdk-10.0.2\bin;C:\Program Files\Java\jdk-10.0.2\bin;;C:\Users\辫己林\AppData\Local\Programs\Microsoft VS Code\bin;C:\Users\辫己林\Desktop;
USERNAME=辫己林
OS=Windows_NT
PROCESSOR_IDENTIFIER=Intel64 Family 6 Model 142 Stepping 9, GenuineIntel



---------------  S Y S T E M  ---------------

OS: Windows 10 , 64 bit Build 17134 (10.0.17134.1)

CPU:total 4 (initial active 4) (2 cores per cpu, 2 threads per core) family 6 model 142 stepping 9, cmov, cx8, fxsr, mmx, sse, sse2, sse3, ssse3, sse4.1, sse4.2, popcnt, avx, avx2, aes, clmul, erms, 3dnowpref, lzcnt, ht, tsc, tscinvbit, bmi1, bmi2, adx, fma

Memory: 4k page, physical 8298300k(3610452k free), swap 29269820k(9744620k free)

vm_info: Java HotSpot(TM) 64-Bit Server VM (10.0.1+10) for windows-amd64 JRE (10.0.1+10), built on Mar 27 2018 02:27:48 by "mach5one" with MS VC++ 12.0 (VS2013)

END.
